<?xml version="1.0" encoding="UTF-8"?>
<!-- Generated by org.testng.reporters.JUnitReportReporter -->
<testsuite skipped="0" hostname="MWMGT189" name="com.dms.qa.testcases.GroupsManagementPageTest" tests="3" failures="0" timestamp="04 Dec 2018 07:25:45 GMT" time="16.720" errors="0">
  <testcase name="verifyGroupsManagementLabel" time="5.382" classname="com.dms.qa.testcases.GroupsManagementPageTest"/>
  <testcase name="validateCreateNewGroupsManagement" time="5.756" classname="com.dms.qa.testcases.GroupsManagementPageTest"/>
  <testcase name="validateAddMember" time="5.582" classname="com.dms.qa.testcases.GroupsManagementPageTest"/>
</testsuite> <!-- com.dms.qa.testcases.GroupsManagementPageTest -->
