<?xml version="1.0" encoding="UTF-8"?>
<!-- Generated by org.testng.reporters.JUnitReportReporter -->
<testsuite skipped="0" hostname="MWMGT189" name="com.dms.qa.testcases.GlobalKeywordsPageTest" tests="2" failures="0" timestamp="15 Nov 2018 09:54:19 GMT" time="15.156" errors="0">
  <testcase name="verifyGlobalKeywordsPageLabel" time="6.782" classname="com.dms.qa.testcases.GlobalKeywordsPageTest"/>
  <testcase name="validateCreateNewGlobalKeywords" time="8.374" classname="com.dms.qa.testcases.GlobalKeywordsPageTest"/>
</testsuite> <!-- com.dms.qa.testcases.GlobalKeywordsPageTest -->
