<?xml version="1.0" encoding="UTF-8"?>
<!-- Generated by org.testng.reporters.JUnitReportReporter -->
<testsuite skipped="0" hostname="MWMGT189" name="com.dms.qa.testcases.AttributesPageTest" tests="1" failures="0" timestamp="15 Nov 2018 09:54:19 GMT" time="10.352" errors="0">
  <testcase name="validateCreateNewAttributes" time="10.352" classname="com.dms.qa.testcases.AttributesPageTest"/>
</testsuite> <!-- com.dms.qa.testcases.AttributesPageTest -->
